2026-01-01 17:23:04 - DEBUG - Starting new HTTPS connection (1): archive-api.open-meteo.com:443
2026-01-01 17:23:06 - DEBUG - https://archive-api.open-meteo.com:443 "GET /v1/era5?latitude=37.3688&longitude=-122.0363&start_date=2026-01-01&end_date=2026-01-01&hourly=temperature_2m HTTP/1.1" 200 None
2026-01-01 17:23:06 - INFO - 200
2026-01-01 17:23:06 - INFO - Weather Response:
2026-01-01 17:23:06 - INFO - ===Transforming Pipeline task=====
2026-01-01 17:23:57 - DEBUG - Starting new HTTPS connection (1): archive-api.open-meteo.com:443
2026-01-01 17:23:59 - DEBUG - https://archive-api.open-meteo.com:443 "GET /v1/era5?latitude=37.3688&longitude=-122.0363&start_date=2026-01-01&end_date=2026-01-01&hourly=temperature_2m HTTP/1.1" 200 None
2026-01-01 17:23:59 - INFO - 200
2026-01-01 17:23:59 - INFO - Weather Response:
2026-01-01 17:23:59 - INFO - ===Transforming Pipeline task=====
2026-01-01 17:27:58 - DEBUG - Starting new HTTPS connection (1): archive-api.open-meteo.com:443
2026-01-01 17:27:59 - DEBUG - https://archive-api.open-meteo.com:443 "GET /v1/era5?latitude=37.3688&longitude=-122.0363&start_date=2026-01-01&end_date=2026-01-01&hourly=temperature_2m HTTP/1.1" 200 None
2026-01-01 17:27:59 - INFO - 200
2026-01-01 17:27:59 - INFO - Weather Response:
2026-01-01 17:27:59 - INFO - ===Transforming Pipeline task=====
2026-01-01 17:27:59 - INFO - ['2026-01-01T00:00', '2026-01-01T01:00', '2026-01-01T02:00', '2026-01-01T03:00', '2026-01-01T04:00', '2026-01-01T05:00', '2026-01-01T06:00', '2026-01-01T07:00', '2026-01-01T08:00', '2026-01-01T09:00', '2026-01-01T10:00', '2026-01-01T11:00', '2026-01-01T12:00', '2026-01-01T13:00', '2026-01-01T14:00', '2026-01-01T15:00', '2026-01-01T16:00', '2026-01-01T17:00', '2026-01-01T18:00', '2026-01-01T19:00', '2026-01-01T20:00', '2026-01-01T21:00', '2026-01-01T22:00', '2026-01-01T23:00']
2026-01-01 17:27:59 - INFO - [10.6, 10.6, 10.4, 10.4, 10.4, 10.4, 10.6, 10.7, 10.7, 10.9, 10.9, 10.8, 10.8, 11.4, 11.4, 11.7, 12.4, 13.2, 13.4, 14.9, 15.6, 15.4, 15.6, 15.2]
2026-01-01 17:27:59 - INFO - ====Load Data into Database Pipeline Task====
2026-01-01 17:33:22 - DEBUG - Starting new HTTPS connection (1): archive-api.open-meteo.com:443
2026-01-01 17:33:23 - DEBUG - https://archive-api.open-meteo.com:443 "GET /v1/era5?latitude=37.3688&longitude=-122.0363&start_date=2026-01-01&end_date=2026-01-01&hourly=temperature_2m HTTP/1.1" 200 None
2026-01-01 17:33:23 - INFO - 200
2026-01-01 17:33:23 - INFO - Weather Response:
2026-01-01 17:33:23 - INFO - ===Transforming Pipeline task=====
2026-01-01 17:33:23 - INFO - ['2026-01-01T00:00', '2026-01-01T01:00', '2026-01-01T02:00', '2026-01-01T03:00', '2026-01-01T04:00', '2026-01-01T05:00', '2026-01-01T06:00', '2026-01-01T07:00', '2026-01-01T08:00', '2026-01-01T09:00', '2026-01-01T10:00', '2026-01-01T11:00', '2026-01-01T12:00', '2026-01-01T13:00', '2026-01-01T14:00', '2026-01-01T15:00', '2026-01-01T16:00', '2026-01-01T17:00', '2026-01-01T18:00', '2026-01-01T19:00', '2026-01-01T20:00', '2026-01-01T21:00', '2026-01-01T22:00', '2026-01-01T23:00']
2026-01-01 17:33:23 - INFO - [10.6, 10.6, 10.4, 10.4, 10.4, 10.4, 10.6, 10.7, 10.7, 10.9, 10.9, 10.8, 10.8, 11.4, 11.4, 11.7, 12.4, 13.2, 13.4, 14.9, 15.6, 15.4, 15.6, 15.2]
2026-01-01 17:33:23 - INFO - ====Load Data into Database Pipeline Task====
2026-01-01 17:34:11 - DEBUG - Starting new HTTPS connection (1): archive-api.open-meteo.com:443
2026-01-01 17:34:12 - DEBUG - https://archive-api.open-meteo.com:443 "GET /v1/era5?latitude=37.3688&longitude=-122.0363&start_date=2026-01-01&end_date=2026-01-01&hourly=temperature_2m HTTP/1.1" 200 None
2026-01-01 17:34:12 - INFO - 200
2026-01-01 17:34:12 - INFO - Weather Response:
2026-01-01 17:34:12 - INFO - ===Transforming Pipeline task=====
2026-01-01 17:34:12 - INFO - ['2026-01-01T00:00', '2026-01-01T01:00', '2026-01-01T02:00', '2026-01-01T03:00', '2026-01-01T04:00', '2026-01-01T05:00', '2026-01-01T06:00', '2026-01-01T07:00', '2026-01-01T08:00', '2026-01-01T09:00', '2026-01-01T10:00', '2026-01-01T11:00', '2026-01-01T12:00', '2026-01-01T13:00', '2026-01-01T14:00', '2026-01-01T15:00', '2026-01-01T16:00', '2026-01-01T17:00', '2026-01-01T18:00', '2026-01-01T19:00', '2026-01-01T20:00', '2026-01-01T21:00', '2026-01-01T22:00', '2026-01-01T23:00']
2026-01-01 17:34:12 - INFO - [10.6, 10.6, 10.4, 10.4, 10.4, 10.4, 10.6, 10.7, 10.7, 10.9, 10.9, 10.8, 10.8, 11.4, 11.4, 11.7, 12.4, 13.2, 13.4, 14.9, 15.6, 15.4, 15.6, 15.2]
2026-01-01 17:34:12 - INFO - ====Load Data into Database Pipeline Task====
2026-01-01 17:35:34 - DEBUG - Starting new HTTPS connection (1): archive-api.open-meteo.com:443
2026-01-01 17:35:35 - DEBUG - https://archive-api.open-meteo.com:443 "GET /v1/era5?latitude=37.3688&longitude=-122.0363&start_date=2026-01-01&end_date=2026-01-01&hourly=temperature_2m HTTP/1.1" 200 None
2026-01-01 17:35:35 - INFO - Place URL: https://archive-api.open-meteo.com/v1/era5?latitude=37.3688&longitude=-122.0363&start_date=2026-01-01&end_date=2026-01-01&hourly=temperature_2m
2026-01-01 17:35:35 - INFO - 200
2026-01-01 17:35:35 - INFO - Weather Response: {'latitude': 37.363796, 'longitude': -122.03186, 'generationtime_ms': 0.12099742889404297, 'utc_offset_seconds': 0, 'timezone': 'GMT', 'timezone_abbreviation': 'GMT', 'elevation': 39.0, 'hourly_units': {'time': 'iso8601', 'temperature_2m': '°C'}, 'hourly': {'time': ['2026-01-01T00:00', '2026-01-01T01:00', '2026-01-01T02:00', '2026-01-01T03:00', '2026-01-01T04:00', '2026-01-01T05:00', '2026-01-01T06:00', '2026-01-01T07:00', '2026-01-01T08:00', '2026-01-01T09:00', '2026-01-01T10:00', '2026-01-01T11:00', '2026-01-01T12:00', '2026-01-01T13:00', '2026-01-01T14:00', '2026-01-01T15:00', '2026-01-01T16:00', '2026-01-01T17:00', '2026-01-01T18:00', '2026-01-01T19:00', '2026-01-01T20:00', '2026-01-01T21:00', '2026-01-01T22:00', '2026-01-01T23:00'], 'temperature_2m': [10.6, 10.6, 10.4, 10.4, 10.4, 10.4, 10.6, 10.7, 10.7, 10.9, 10.9, 10.8, 10.8, 11.4, 11.4, 11.7, 12.4, 13.2, 13.4, 14.9, 15.6, 15.4, 15.6, 15.2]}}
2026-01-01 17:35:35 - INFO - ===Transforming Pipeline task=====
2026-01-01 17:35:35 - INFO - ['2026-01-01T00:00', '2026-01-01T01:00', '2026-01-01T02:00', '2026-01-01T03:00', '2026-01-01T04:00', '2026-01-01T05:00', '2026-01-01T06:00', '2026-01-01T07:00', '2026-01-01T08:00', '2026-01-01T09:00', '2026-01-01T10:00', '2026-01-01T11:00', '2026-01-01T12:00', '2026-01-01T13:00', '2026-01-01T14:00', '2026-01-01T15:00', '2026-01-01T16:00', '2026-01-01T17:00', '2026-01-01T18:00', '2026-01-01T19:00', '2026-01-01T20:00', '2026-01-01T21:00', '2026-01-01T22:00', '2026-01-01T23:00']
2026-01-01 17:35:35 - INFO - [10.6, 10.6, 10.4, 10.4, 10.4, 10.4, 10.6, 10.7, 10.7, 10.9, 10.9, 10.8, 10.8, 11.4, 11.4, 11.7, 12.4, 13.2, 13.4, 14.9, 15.6, 15.4, 15.6, 15.2]
2026-01-01 17:35:35 - INFO - ====Load Data into Database Pipeline Task====
2026-01-03 21:23:54 - DEBUG - Starting new HTTPS connection (1): archive-api.open-meteo.com:443
2026-01-03 21:23:55 - DEBUG - https://archive-api.open-meteo.com:443 "GET /v1/era5?latitude=37.3688&longitude=-122.0363&start_date=2026-01-03&end_date=2026-01-03&hourly=temperature_2m HTTP/1.1" 200 None
2026-01-03 21:23:55 - INFO - Place URL: https://archive-api.open-meteo.com/v1/era5?latitude=37.3688&longitude=-122.0363&start_date=2026-01-03&end_date=2026-01-03&hourly=temperature_2m
2026-01-03 21:23:55 - INFO - 200
2026-01-03 21:23:55 - INFO - Weather Response: {'latitude': 37.363796, 'longitude': -122.03186, 'generationtime_ms': 0.2415180206298828, 'utc_offset_seconds': 0, 'timezone': 'GMT', 'timezone_abbreviation': 'GMT', 'elevation': 39.0, 'hourly_units': {'time': 'iso8601', 'temperature_2m': '°C'}, 'hourly': {'time': ['2026-01-03T00:00', '2026-01-03T01:00', '2026-01-03T02:00', '2026-01-03T03:00', '2026-01-03T04:00', '2026-01-03T05:00', '2026-01-03T06:00', '2026-01-03T07:00', '2026-01-03T08:00', '2026-01-03T09:00', '2026-01-03T10:00', '2026-01-03T11:00', '2026-01-03T12:00', '2026-01-03T13:00', '2026-01-03T14:00', '2026-01-03T15:00', '2026-01-03T16:00', '2026-01-03T17:00', '2026-01-03T18:00', '2026-01-03T19:00', '2026-01-03T20:00', '2026-01-03T21:00', '2026-01-03T22:00', '2026-01-03T23:00'], 'temperature_2m': [16.4, 15.7, 15.6, 15.2, 14.9, 14.9, 14.6, 14.6, 14.3, 14.3, 14.4, 14.4, 14.1, 13.9, 13.1, 13.1, 13.0, 13.9, 14.6, 15.2, 15.2, 15.4, 15.6, 15.9]}}
2026-01-03 21:23:55 - INFO - ===Transforming Pipeline task=====
2026-01-03 21:23:55 - INFO - ['2026-01-03T00:00', '2026-01-03T01:00', '2026-01-03T02:00', '2026-01-03T03:00', '2026-01-03T04:00', '2026-01-03T05:00', '2026-01-03T06:00', '2026-01-03T07:00', '2026-01-03T08:00', '2026-01-03T09:00', '2026-01-03T10:00', '2026-01-03T11:00', '2026-01-03T12:00', '2026-01-03T13:00', '2026-01-03T14:00', '2026-01-03T15:00', '2026-01-03T16:00', '2026-01-03T17:00', '2026-01-03T18:00', '2026-01-03T19:00', '2026-01-03T20:00', '2026-01-03T21:00', '2026-01-03T22:00', '2026-01-03T23:00']
2026-01-03 21:23:55 - INFO - [16.4, 15.7, 15.6, 15.2, 14.9, 14.9, 14.6, 14.6, 14.3, 14.3, 14.4, 14.4, 14.1, 13.9, 13.1, 13.1, 13.0, 13.9, 14.6, 15.2, 15.2, 15.4, 15.6, 15.9]
2026-01-03 21:23:55 - INFO - ====Load Data into Database Pipeline Task====
2026-01-03 21:25:24 - DEBUG - Starting new HTTPS connection (1): archive-api.open-meteo.com:443
2026-01-03 21:25:25 - DEBUG - https://archive-api.open-meteo.com:443 "GET /v1/era5?latitude=37.3688&longitude=-122.0363&start_date=2026-01-01&end_date=2026-01-01&hourly=temperature_2m HTTP/1.1" 200 None
2026-01-03 21:25:25 - INFO - Place URL: https://archive-api.open-meteo.com/v1/era5?latitude=37.3688&longitude=-122.0363&start_date=2026-01-01&end_date=2026-01-01&hourly=temperature_2m
2026-01-03 21:25:25 - INFO - 200
2026-01-03 21:25:25 - INFO - Weather Response: {'latitude': 37.363796, 'longitude': -122.03186, 'generationtime_ms': 0.03743171691894531, 'utc_offset_seconds': 0, 'timezone': 'GMT', 'timezone_abbreviation': 'GMT', 'elevation': 39.0, 'hourly_units': {'time': 'iso8601', 'temperature_2m': '°C'}, 'hourly': {'time': ['2026-01-01T00:00', '2026-01-01T01:00', '2026-01-01T02:00', '2026-01-01T03:00', '2026-01-01T04:00', '2026-01-01T05:00', '2026-01-01T06:00', '2026-01-01T07:00', '2026-01-01T08:00', '2026-01-01T09:00', '2026-01-01T10:00', '2026-01-01T11:00', '2026-01-01T12:00', '2026-01-01T13:00', '2026-01-01T14:00', '2026-01-01T15:00', '2026-01-01T16:00', '2026-01-01T17:00', '2026-01-01T18:00', '2026-01-01T19:00', '2026-01-01T20:00', '2026-01-01T21:00', '2026-01-01T22:00', '2026-01-01T23:00'], 'temperature_2m': [10.6, 10.6, 10.4, 10.4, 10.4, 10.4, 10.6, 10.7, 10.7, 10.9, 10.9, 10.8, 10.8, 11.4, 11.4, 11.7, 12.4, 13.2, 13.4, 14.9, 15.6, 15.4, 15.6, 15.2]}}
2026-01-03 21:25:25 - INFO - ===Transforming Pipeline task=====
2026-01-03 21:25:25 - INFO - ['2026-01-01T00:00', '2026-01-01T01:00', '2026-01-01T02:00', '2026-01-01T03:00', '2026-01-01T04:00', '2026-01-01T05:00', '2026-01-01T06:00', '2026-01-01T07:00', '2026-01-01T08:00', '2026-01-01T09:00', '2026-01-01T10:00', '2026-01-01T11:00', '2026-01-01T12:00', '2026-01-01T13:00', '2026-01-01T14:00', '2026-01-01T15:00', '2026-01-01T16:00', '2026-01-01T17:00', '2026-01-01T18:00', '2026-01-01T19:00', '2026-01-01T20:00', '2026-01-01T21:00', '2026-01-01T22:00', '2026-01-01T23:00']
2026-01-03 21:25:25 - INFO - [10.6, 10.6, 10.4, 10.4, 10.4, 10.4, 10.6, 10.7, 10.7, 10.9, 10.9, 10.8, 10.8, 11.4, 11.4, 11.7, 12.4, 13.2, 13.4, 14.9, 15.6, 15.4, 15.6, 15.2]
2026-01-03 21:25:25 - INFO - ====Load Data into Database Pipeline Task====
2026-01-03 21:25:52 - DEBUG - Starting new HTTPS connection (1): archive-api.open-meteo.com:443
2026-01-03 21:25:54 - DEBUG - https://archive-api.open-meteo.com:443 "GET /v1/era5?latitude=37.3688&longitude=-122.0363&start_date=2026-01-02&end_date=2026-01-02&hourly=temperature_2m HTTP/1.1" 200 None
2026-01-03 21:25:54 - INFO - Place URL: https://archive-api.open-meteo.com/v1/era5?latitude=37.3688&longitude=-122.0363&start_date=2026-01-02&end_date=2026-01-02&hourly=temperature_2m
2026-01-03 21:25:54 - INFO - 200
2026-01-03 21:25:54 - INFO - Weather Response: {'latitude': 37.363796, 'longitude': -122.03186, 'generationtime_ms': 0.2334117889404297, 'utc_offset_seconds': 0, 'timezone': 'GMT', 'timezone_abbreviation': 'GMT', 'elevation': 39.0, 'hourly_units': {'time': 'iso8601', 'temperature_2m': '°C'}, 'hourly': {'time': ['2026-01-02T00:00', '2026-01-02T01:00', '2026-01-02T02:00', '2026-01-02T03:00', '2026-01-02T04:00', '2026-01-02T05:00', '2026-01-02T06:00', '2026-01-02T07:00', '2026-01-02T08:00', '2026-01-02T09:00', '2026-01-02T10:00', '2026-01-02T11:00', '2026-01-02T12:00', '2026-01-02T13:00', '2026-01-02T14:00', '2026-01-02T15:00', '2026-01-02T16:00', '2026-01-02T17:00', '2026-01-02T18:00', '2026-01-02T19:00', '2026-01-02T20:00', '2026-01-02T21:00', '2026-01-02T22:00', '2026-01-02T23:00'], 'temperature_2m': [15.2, 14.8, 14.3, 14.1, 14.1, 13.9, 13.8, 13.6, 13.4, 13.3, 13.1, 13.0, 12.2, 12.1, 12.1, 11.1, 10.9, 12.6, 13.9, 14.9, 15.9, 16.2, 15.6, 16.6]}}
2026-01-03 21:25:54 - INFO - ===Transforming Pipeline task=====
2026-01-03 21:25:54 - INFO - ['2026-01-02T00:00', '2026-01-02T01:00', '2026-01-02T02:00', '2026-01-02T03:00', '2026-01-02T04:00', '2026-01-02T05:00', '2026-01-02T06:00', '2026-01-02T07:00', '2026-01-02T08:00', '2026-01-02T09:00', '2026-01-02T10:00', '2026-01-02T11:00', '2026-01-02T12:00', '2026-01-02T13:00', '2026-01-02T14:00', '2026-01-02T15:00', '2026-01-02T16:00', '2026-01-02T17:00', '2026-01-02T18:00', '2026-01-02T19:00', '2026-01-02T20:00', '2026-01-02T21:00', '2026-01-02T22:00', '2026-01-02T23:00']
2026-01-03 21:25:54 - INFO - [15.2, 14.8, 14.3, 14.1, 14.1, 13.9, 13.8, 13.6, 13.4, 13.3, 13.1, 13.0, 12.2, 12.1, 12.1, 11.1, 10.9, 12.6, 13.9, 14.9, 15.9, 16.2, 15.6, 16.6]
2026-01-03 21:25:54 - INFO - ====Load Data into Database Pipeline Task====
2026-01-03 21:27:06 - DEBUG - Starting new HTTPS connection (1): archive-api.open-meteo.com:443
2026-01-03 21:27:07 - DEBUG - https://archive-api.open-meteo.com:443 "GET /v1/era5?latitude=37.3688&longitude=-122.0363&start_date=2026-01-03&end_date=2026-01-03&hourly=temperature_2m HTTP/1.1" 200 None
2026-01-03 21:27:07 - INFO - Place URL: https://archive-api.open-meteo.com/v1/era5?latitude=37.3688&longitude=-122.0363&start_date=2026-01-03&end_date=2026-01-03&hourly=temperature_2m
2026-01-03 21:27:07 - INFO - 200
2026-01-03 21:27:07 - INFO - Weather Response: {'latitude': 37.363796, 'longitude': -122.03186, 'generationtime_ms': 0.19109249114990234, 'utc_offset_seconds': 0, 'timezone': 'GMT', 'timezone_abbreviation': 'GMT', 'elevation': 39.0, 'hourly_units': {'time': 'iso8601', 'temperature_2m': '°C'}, 'hourly': {'time': ['2026-01-03T00:00', '2026-01-03T01:00', '2026-01-03T02:00', '2026-01-03T03:00', '2026-01-03T04:00', '2026-01-03T05:00', '2026-01-03T06:00', '2026-01-03T07:00', '2026-01-03T08:00', '2026-01-03T09:00', '2026-01-03T10:00', '2026-01-03T11:00', '2026-01-03T12:00', '2026-01-03T13:00', '2026-01-03T14:00', '2026-01-03T15:00', '2026-01-03T16:00', '2026-01-03T17:00', '2026-01-03T18:00', '2026-01-03T19:00', '2026-01-03T20:00', '2026-01-03T21:00', '2026-01-03T22:00', '2026-01-03T23:00'], 'temperature_2m': [16.4, 15.7, 15.6, 15.2, 14.9, 14.9, 14.6, 14.6, 14.3, 14.3, 14.4, 14.4, 14.1, 13.9, 13.1, 13.1, 13.0, 13.9, 14.6, 15.2, 15.2, 15.4, 15.6, 15.9]}}
2026-01-03 21:27:07 - INFO - ===Transforming Pipeline task=====
2026-01-03 21:27:07 - INFO - ['2026-01-03T00:00', '2026-01-03T01:00', '2026-01-03T02:00', '2026-01-03T03:00', '2026-01-03T04:00', '2026-01-03T05:00', '2026-01-03T06:00', '2026-01-03T07:00', '2026-01-03T08:00', '2026-01-03T09:00', '2026-01-03T10:00', '2026-01-03T11:00', '2026-01-03T12:00', '2026-01-03T13:00', '2026-01-03T14:00', '2026-01-03T15:00', '2026-01-03T16:00', '2026-01-03T17:00', '2026-01-03T18:00', '2026-01-03T19:00', '2026-01-03T20:00', '2026-01-03T21:00', '2026-01-03T22:00', '2026-01-03T23:00']
2026-01-03 21:27:07 - INFO - [16.4, 15.7, 15.6, 15.2, 14.9, 14.9, 14.6, 14.6, 14.3, 14.3, 14.4, 14.4, 14.1, 13.9, 13.1, 13.1, 13.0, 13.9, 14.6, 15.2, 15.2, 15.4, 15.6, 15.9]
2026-01-03 21:27:07 - INFO - ====Load Data into Database Pipeline Task====
